Детальный отчёт работы EventProcessor
2025-02-22 20:07:54 - Параметры конфигурации загружены.
2025-02-22 20:07:54 - EventProcessor инициализирован.
2025-02-22 20:07:54 - Обработка событий запущена.
2025-02-22 20:07:54 - Запуск парсера AMI лога в отдельном потоке.
2025-02-22 20:07:54 - Начало цикла обработки событий.
2025-02-22 20:07:54 - Загрузка событий из базы данных.
2025-02-22 20:07:54 - Загружено 65 событий из БД.
2025-02-22 20:07:54 - Событие 859039319 добавлено в очередь.
2025-02-22 20:07:54 - Обработка события 859039319 начата.
2025-02-22 20:07:54 - Начата обработка события 859039319.
2025-02-22 20:07:54 - Событие 859065019 добавлено в очередь.
2025-02-22 20:07:54 - Обработка события 859065019 начата.
2025-02-22 20:07:54 - Начата обработка события 859065019.
2025-02-22 20:07:54 - Событие 859065111 добавлено в очередь.
2025-02-22 20:07:54 - Статус события 859039319 обновлен на 1.
2025-02-22 20:07:54 - Начало обработки логики события 859039319.
2025-02-22 20:07:54 - Обработка события 859065111 начата.
2025-02-22 20:07:54 - Начата обработка события 859065111.
2025-02-22 20:07:54 - Событие 859065640 добавлено в очередь.
2025-02-22 20:07:54 - Обработка события 859065640 начата.
2025-02-22 20:07:54 - Начата обработка события 859065640.
2025-02-22 20:07:54 - Событие 859039319 уже в архиве.
2025-02-22 20:07:54 - Событие 859073700 добавлено в очередь.
2025-02-22 20:07:54 - Обработка события 859073700 начата.
2025-02-22 20:07:54 - Начата обработка события 859073700.
2025-02-22 20:07:54 - Событие 859073935 добавлено в очередь.
2025-02-22 20:07:54 - Статус события 859065019 обновлен на 1.
2025-02-22 20:07:54 - Событие 859073936 добавлено в очередь.
2025-02-22 20:07:54 - Начало обработки логики события 859065019.
2025-02-22 20:07:54 - Событие 859073998 добавлено в очередь.
2025-02-22 20:07:54 - Событие 859076410 добавлено в очередь.
2025-02-22 20:07:54 - Событие 859078896 добавлено в очередь.
2025-02-22 20:07:54 - Событие 859079970 добавлено в очередь.
2025-02-22 20:07:54 - Событие 859095314 добавлено в очередь.
2025-02-22 20:07:54 - Событие 859095344 добавлено в очередь.
2025-02-22 20:07:54 - Событие 859095914 добавлено в очередь.
2025-02-22 20:07:54 - Запись в архиве pult4db_archives.dbo.eventservice20250201 создана для события 859039319.
2025-02-22 20:07:54 - Событие 859096009 добавлено в очередь.
2025-02-22 20:07:54 - Событие 859096235 добавлено в очередь.
2025-02-22 20:07:54 - Событие 859097065 добавлено в очередь.
2025-02-22 20:07:54 - Событие 859097532 добавлено в очередь.
2025-02-22 20:07:54 - Событие 859102930 добавлено в очередь.
2025-02-22 20:07:54 - Событие 859103552 добавлено в очередь.
2025-02-22 20:07:54 - Событие 859104314 добавлено в очередь.
2025-02-22 20:07:54 - Событие 859104776 добавлено в очередь.
2025-02-22 20:07:54 - Событие 859105874 добавлено в очередь.
2025-02-22 20:07:54 - Событие 859106561 добавлено в очередь.
2025-02-22 20:07:54 - Статус события 859065640 обновлен на 1.
2025-02-22 20:07:54 - Событие 859109100 добавлено в очередь.
2025-02-22 20:07:54 - Статус события 859065111 обновлен на 1.
2025-02-22 20:07:54 - Начало обработки логики события 859065640.
2025-02-22 20:07:54 - Событие 859109170 добавлено в очередь.
2025-02-22 20:07:54 - Начало обработки логики события 859065111.
2025-02-22 20:07:54 - Статус события 859073700 обновлен на 1.
2025-02-22 20:07:54 - Событие 859109342 добавлено в очередь.
2025-02-22 20:07:54 - Начало обработки логики события 859073700.
2025-02-22 20:07:54 - Событие 859109566 добавлено в очередь.
2025-02-22 20:07:54 - Событие 859110918 добавлено в очередь.
2025-02-22 20:07:54 - Событие 859111072 добавлено в очередь.
2025-02-22 20:07:54 - Событие 859111486 добавлено в очередь.
2025-02-22 20:07:54 - Событие 859111656 добавлено в очередь.
2025-02-22 20:07:54 - Событие 859111793 добавлено в очередь.
2025-02-22 20:07:54 - Событие 859112092 добавлено в очередь.
2025-02-22 20:07:54 - Событие 859112215 добавлено в очередь.
2025-02-22 20:07:54 - Событие 859112277 добавлено в очередь.
2025-02-22 20:07:54 - Событие 859073700 уже в архиве.
2025-02-22 20:07:54 - Событие 859112517 добавлено в очередь.
2025-02-22 20:07:54 - Запись в архив pult4db_archives.dbo.archive20250201 создана для события 859065019.
2025-02-22 20:07:54 - Событие 859112599 добавлено в очередь.
2025-02-22 20:07:54 - Событие 859112763 добавлено в очередь.
2025-02-22 20:07:54 - Событие 859112795 добавлено в очередь.
2025-02-22 20:07:54 - Событие 859113277 добавлено в очередь.
2025-02-22 20:07:54 - Событие 859113336 добавлено в очередь.
2025-02-22 20:07:54 - Событие 859113481 добавлено в очередь.
2025-02-22 20:07:54 - Запись в архив pult4db_archives.dbo.archive20250201 создана для события 859065640.
2025-02-22 20:07:54 - Событие 859113695 добавлено в очередь.
2025-02-22 20:07:54 - Событие 859114518 добавлено в очередь.
2025-02-22 20:07:54 - Событие 859114556 добавлено в очередь.
2025-02-22 20:07:54 - Событие 859115120 добавлено в очередь.
2025-02-22 20:07:54 - Событие 859115665 добавлено в очередь.
2025-02-22 20:07:54 - Событие 859115930 добавлено в очередь.
2025-02-22 20:07:54 - Событие 859116527 добавлено в очередь.
2025-02-22 20:07:54 - Запись в архиве pult4db_archives.dbo.eventservice20250201 создана для события 859065019.
2025-02-22 20:07:54 - Событие 859116691 добавлено в очередь.
2025-02-22 20:07:54 - Событие 859116843 добавлено в очередь.
2025-02-22 20:07:54 - Событие 859116871 добавлено в очередь.
2025-02-22 20:07:54 - Событие 859117098 добавлено в очередь.
2025-02-22 20:07:54 - Запись в архиве pult4db_archives.dbo.eventservice20250201 создана для события 859065640.
2025-02-22 20:07:54 - Событие 859117358 добавлено в очередь.
2025-02-22 20:07:54 - Событие 859117359 добавлено в очередь.
2025-02-22 20:07:54 - Событие 859117426 добавлено в очередь.
2025-02-22 20:07:54 - Запись в архиве pult4db_archives.dbo.eventservice20250201 создана для события 859073700.
2025-02-22 20:07:54 - Событие 859117607 добавлено в очередь.
2025-02-22 20:07:54 - Событие 859119019 добавлено в очередь.
2025-02-22 20:07:54 - Запись в архив pult4db_archives.dbo.archive20250201 создана для события 859065111.
2025-02-22 20:07:55 - Событие 859119397 добавлено в очередь.
2025-02-22 20:07:55 - Событие 859119739 добавлено в очередь.
2025-02-22 20:07:55 - Событие 859120211 добавлено в очередь.
2025-02-22 20:07:55 - Событие 859120332 добавлено в очередь.
2025-02-22 20:07:55 - Событие 859120527 добавлено в очередь.
2025-02-22 20:07:55 - Запись в архиве pult4db_archives.dbo.eventservice20250201 создана для события 859065111.
2025-02-22 20:07:55 - Событие 859121140 добавлено в очередь.
2025-02-22 20:07:55 - Цикл завершен. Ждем 30.0 сек.
2025-02-22 20:07:56 - Не удалось сгенерировать аудио для события 859065019
2025-02-22 20:07:56 - Аудиофайл для события 859039319: http://10.10.8.201:8000/050909.mp3
2025-02-22 20:07:56 - Аудиофайл для события 859073700: http://10.10.8.201:8000/400444.mp3
2025-02-22 20:07:56 - Аудиофайл для события 859065640: http://10.10.8.201:8000/180074.mp3
2025-02-22 20:07:56 - Статус события 859065019 обновлен на 0.
2025-02-22 20:07:56 - Найдено 3 ответственных для Panel_id=050909.
2025-02-22 20:07:56 - Инициируем звонок на номер 79025494746 для события 859039319.
2025-02-22 20:07:56 - Аудиофайл для события 859065111: http://10.10.8.201:8000/160103.mp3
2025-02-22 20:07:56 - Найдено 2 ответственных для Panel_id=400444.
2025-02-22 20:07:56 - Инициируем звонок на номер 79086612970 для события 859073700.
2025-02-22 20:07:56 - Найдено 3 ответственных для Panel_id=180074.
2025-02-22 20:07:56 - Инициируем звонок на номер 79025786344 для события 859065640.
2025-02-22 20:07:56 - Запись в отчёт: {'Дата и время обработки': '2025-02-22 20:07:56', 'ID объекта': '400444', 'ID события': 859073700, 'Код события': 'E302', 'Время события': '2024-11-29 15:09:06', 'Адрес': 'ДНТ «Багульник», ул. Центральная, уч. 13', 'Название компании': 'Майданский Петр Николаевич', 'Ответственный': 'Майданская Вера Александровна', 'Номер телефона': '79086612970', 'Статус': 'Звонок инициирован', 'Дополнительная информация': 'ActionID: originate-1740226076504'}
2025-02-22 20:07:56 - Найдено 2 ответственных для Panel_id=160103.
2025-02-22 20:07:56 - Запись в отчёт: {'Дата и время обработки': '2025-02-22 20:07:56', 'ID объекта': '050909', 'ID события': 859039319, 'Код события': 'E302', 'Время события': '2024-11-28 21:11:06', 'Адрес': 'ул. Касьянова, д.22 кв.31', 'Название компании': 'Федорец Надежда Валентиновна', 'Ответственный': 'Федорец Надежда Валентиновна', 'Номер телефона': '79025494746', 'Статус': 'Звонок инициирован', 'Дополнительная информация': 'ActionID: originate-1740226076479'}
2025-02-22 20:07:56 - Звонок инициирован на номер 79086612970 для события 859073700, ActionID=originate-1740226076504.
2025-02-22 20:07:56 - Инициируем звонок на номер 89041211743 для события 859065111.
2025-02-22 20:07:56 - Звонок инициирован на номер 79025494746 для события 859039319, ActionID=originate-1740226076479.
2025-02-22 20:07:56 - Запись в отчёт: {'Дата и время обработки': '2025-02-22 20:07:56', 'ID объекта': '180074', 'ID события': 859065640, 'Код события': 'E302', 'Время события': '2024-11-29 11:28:17', 'Адрес': 'м-н Ново-Иркутский, ул. Верещагина, д.15', 'Название компании': 'Ивкин Олег Васильевич', 'Ответственный': 'Ивкин Олег Васильевич', 'Номер телефона': '79025786344', 'Статус': 'Звонок инициирован', 'Дополнительная информация': 'ActionID: originate-1740226076535'}
2025-02-22 20:07:56 - Звонок инициирован на номер 79025786344 для события 859065640, ActionID=originate-1740226076535.
2025-02-22 20:07:56 - Запись в отчёт: {'Дата и время обработки': '2025-02-22 20:07:56', 'ID объекта': '160103', 'ID события': 859065111, 'Код события': 'E302', 'Время события': '2024-11-29 11:07:50', 'Адрес': 'ЖК "Луговое", ул. Еловая, д.4 кв.21', 'Название компании': 'Мельникова Наталья Николаевна', 'Ответственный': 'Мельникова Наталья Николаевна', 'Номер телефона': '89041211743', 'Статус': 'Звонок инициирован', 'Дополнительная информация': 'ActionID: originate-1740226076573'}
2025-02-22 20:07:56 - Звонок инициирован на номер 89041211743 для события 859065111, ActionID=originate-1740226076573.
2025-02-22 20:08:06 - [CALL EVENT] ActionID=originate-1740226076504, Status=ANSWERED, Phone=79086612970, EventID=None
2025-02-22 20:08:07 - [CALL EVENT] ActionID=originate-1740226076504, Status=BRIDGED, Phone=79086612970, EventID=859073700
2025-02-22 20:08:07 - Запись в отчёт: {'Дата и время обработки': '2025-02-22 20:08:07', 'ID объекта': '400444', 'ID события': 859073700, 'Код события': 'E302', 'Время события': '2024-11-29 15:09:06', 'Адрес': 'ДНТ «Багульник», ул. Центральная, уч. 13', 'Название компании': 'Майданский Петр Николаевич', 'Ответственный': 'Майданская Вера Александровна', 'Номер телефона': '79086612970', 'Статус': 'Звонок соединён', 'Дополнительная информация': 'BRIDGED'}
2025-02-22 20:08:07 - Финализация события 859073700 для объекта 400444.
2025-02-22 20:08:07 - Статус события 859073700 обновлен на 2.
2025-02-22 20:08:07 - Ошибка при удалении TempDetails (event_id=859073700): (208, b"Invalid object name 'dbo.TempDetails'.DB-Lib error message 20018, severity 16:\nGeneral SQL Server error: Check messages from the SQL Server\n")
2025-02-22 20:08:07 - Событие 859073700 удалено из Temp.
2025-02-22 20:08:07 - Запись в архиве pult4db_archives.dbo.eventservice20250201 создана для события 859073700.
2025-02-22 20:08:07 - Обработка события 859073700 для объекта 400444 завершена.
2025-02-22 20:08:07 - ActionID originate-1740226076504 удалён из отслеживания.
2025-02-22 20:08:07 - AMI лог: найден ActionID originate-1740226076504 со статусом BRIDGED.
2025-02-22 20:08:25 - Загрузка событий из базы данных.
2025-02-22 20:08:25 - Загружено 61 событий из БД.
2025-02-22 20:08:25 - Событие 859065019 добавлено в очередь.
2025-02-22 20:08:25 - Обработка события 859073935 начата.
2025-02-22 20:08:25 - Начата обработка события 859073935.
2025-02-22 20:08:25 - Обработка события 859073936 начата.
2025-02-22 20:08:25 - Начата обработка события 859073936.
2025-02-22 20:08:25 - Object 230213 уже обрабатывался сегодня. Пропускаем.
2025-02-22 20:08:25 - Обработка события 859073998 начата.
2025-02-22 20:08:25 - Начата обработка события 859073998.
2025-02-22 20:08:25 - Object 230213 уже обрабатывался сегодня. Пропускаем.
2025-02-22 20:08:25 - Событие для объекта 230213 пропущено (не наступил нужный период).
2025-02-22 20:08:25 - Обработка события 859076410 начата.
2025-02-22 20:08:25 - Начата обработка события 859076410.
2025-02-22 20:08:25 - Object 180074 уже обрабатывался сегодня. Пропускаем.
2025-02-22 20:08:25 - Событие для объекта 230213 пропущено (не наступил нужный период).
2025-02-22 20:08:25 - Обработка события 859078896 начата.
2025-02-22 20:08:25 - Начата обработка события 859078896.
2025-02-22 20:08:25 - Событие для объекта 180074 пропущено (не наступил нужный период).
2025-02-22 20:08:25 - Обработка события 859079970 начата.
2025-02-22 20:08:25 - Начата обработка события 859079970.
2025-02-22 20:08:25 - Обработка события 859095314 начата.
2025-02-22 20:08:25 - Начата обработка события 859095314.
2025-02-22 20:08:25 - Обработка события 859095344 начата.
2025-02-22 20:08:25 - Начата обработка события 859095344.
2025-02-22 20:08:25 - Событие 859073935 добавлено в очередь.
2025-02-22 20:08:25 - Событие 859073936 добавлено в очередь.
2025-02-22 20:08:25 - Событие 859073998 добавлено в очередь.
2025-02-22 20:08:25 - Статус события 859078896 обновлен на 1.
2025-02-22 20:08:25 - Событие 859076410 добавлено в очередь.
2025-02-22 20:08:25 - Статус события 859076410 обновлен на 1.
2025-02-22 20:08:25 - Начало обработки логики события 859078896.
2025-02-22 20:08:25 - Событие 859078896 добавлено в очередь.
2025-02-22 20:08:25 - Начало обработки логики события 859076410.
2025-02-22 20:08:25 - Событие 859079970 добавлено в очередь.
2025-02-22 20:08:25 - Событие 859095314 добавлено в очередь.
2025-02-22 20:08:25 - Событие 859095344 добавлено в очередь.
2025-02-22 20:08:25 - Событие 859095914 добавлено в очередь.
2025-02-22 20:08:25 - Событие 859096009 добавлено в очередь.
2025-02-22 20:08:25 - Событие 859096235 добавлено в очередь.
2025-02-22 20:08:25 - Событие 859097065 добавлено в очередь.
2025-02-22 20:08:25 - Событие 859097532 добавлено в очередь.
2025-02-22 20:08:25 - Событие 859102930 добавлено в очередь.
2025-02-22 20:08:25 - Событие 859103552 добавлено в очередь.
2025-02-22 20:08:25 - Событие 859104314 добавлено в очередь.
2025-02-22 20:08:25 - Событие 859104776 добавлено в очередь.
2025-02-22 20:08:25 - Событие 859105874 добавлено в очередь.
2025-02-22 20:08:25 - Событие 859106561 добавлено в очередь.
2025-02-22 20:08:25 - Событие 859109100 добавлено в очередь.
2025-02-22 20:08:25 - Статус события 859095314 обновлен на 1.
2025-02-22 20:08:25 - Событие 859109170 добавлено в очередь.
2025-02-22 20:08:25 - Начало обработки логики события 859095314.
2025-02-22 20:08:25 - Статус события 859095344 обновлен на 1.
2025-02-22 20:08:25 - Событие 859109342 добавлено в очередь.
2025-02-22 20:08:25 - Начало обработки логики события 859095344.
2025-02-22 20:08:25 - Событие 859109566 добавлено в очередь.
2025-02-22 20:08:25 - Событие 859110918 добавлено в очередь.
2025-02-22 20:08:25 - Статус события 859079970 обновлен на 1.
2025-02-22 20:08:25 - Событие 859111072 добавлено в очередь.
2025-02-22 20:08:25 - Начало обработки логики события 859079970.
2025-02-22 20:08:25 - Событие 859111486 добавлено в очередь.
2025-02-22 20:08:25 - Событие 859111656 добавлено в очередь.
2025-02-22 20:08:25 - Запись в архив pult4db_archives.dbo.archive20250201 создана для события 859078896.
2025-02-22 20:08:25 - Событие 859111793 добавлено в очередь.
2025-02-22 20:08:25 - Событие 859112092 добавлено в очередь.
2025-02-22 20:08:25 - Событие 859112215 добавлено в очередь.
2025-02-22 20:08:25 - Событие 859112277 добавлено в очередь.
2025-02-22 20:08:25 - Событие 859112517 добавлено в очередь.
2025-02-22 20:08:25 - Событие 859112599 добавлено в очередь.
2025-02-22 20:08:25 - Событие 859112763 добавлено в очередь.
2025-02-22 20:08:25 - Событие 859112795 добавлено в очередь.
2025-02-22 20:08:25 - Событие 859113277 добавлено в очередь.
2025-02-22 20:08:25 - Событие 859113336 добавлено в очередь.
2025-02-22 20:08:25 - Событие 859113481 добавлено в очередь.
2025-02-22 20:08:25 - Событие 859113695 добавлено в очередь.
2025-02-22 20:08:25 - Событие 859114518 добавлено в очередь.
2025-02-22 20:08:25 - Событие 859114556 добавлено в очередь.
2025-02-22 20:08:25 - Событие 859115120 добавлено в очередь.
2025-02-22 20:08:25 - Событие 859115665 добавлено в очередь.
2025-02-22 20:08:25 - Событие 859115930 добавлено в очередь.
2025-02-22 20:08:25 - Событие 859116527 добавлено в очередь.
2025-02-22 20:08:25 - Событие 859116691 добавлено в очередь.
2025-02-22 20:08:25 - Запись в архиве pult4db_archives.dbo.eventservice20250201 создана для события 859078896.
2025-02-22 20:08:25 - Событие 859116843 добавлено в очередь.
2025-02-22 20:08:25 - Событие 859116871 добавлено в очередь.
2025-02-22 20:08:25 - Событие 859117098 добавлено в очередь.
2025-02-22 20:08:25 - Запись в архив pult4db_archives.dbo.archive20250201 создана для события 859095344.
2025-02-22 20:08:25 - Событие 859117358 добавлено в очередь.
2025-02-22 20:08:25 - Запись в архив pult4db_archives.dbo.archive20250201 создана для события 859079970.
2025-02-22 20:08:25 - Событие 859117359 добавлено в очередь.
2025-02-22 20:08:25 - Событие 859117426 добавлено в очередь.
2025-02-22 20:08:25 - Событие 859117607 добавлено в очередь.
2025-02-22 20:08:25 - Событие 859119019 добавлено в очередь.
2025-02-22 20:08:25 - Событие 859119397 добавлено в очередь.
2025-02-22 20:08:25 - Событие 859119739 добавлено в очередь.
2025-02-22 20:08:25 - Событие 859120211 добавлено в очередь.
2025-02-22 20:08:25 - Событие 859120332 добавлено в очередь.
2025-02-22 20:08:25 - Запись в архив pult4db_archives.dbo.archive20250201 создана для события 859095314.
2025-02-22 20:08:25 - Событие 859120527 добавлено в очередь.
2025-02-22 20:08:25 - Событие 859121140 добавлено в очередь.
2025-02-22 20:08:25 - Цикл завершен. Ждем 30.0 сек.
2025-02-22 20:08:25 - Запись в архиве pult4db_archives.dbo.eventservice20250201 создана для события 859095344.
2025-02-22 20:08:25 - Запись в архив pult4db_archives.dbo.archive20250201 создана для события 859076410.
2025-02-22 20:08:25 - Запись в архиве pult4db_archives.dbo.eventservice20250201 создана для события 859079970.
2025-02-22 20:08:25 - Запись в архиве pult4db_archives.dbo.eventservice20250201 создана для события 859076410.
2025-02-22 20:08:25 - Запись в архиве pult4db_archives.dbo.eventservice20250201 создана для события 859095314.
2025-02-22 20:08:25 - [CALL EVENT] ActionID=originate-1740226076535, Status=BRIDGED, Phone=79025786344, EventID=859065640
2025-02-22 20:08:25 - Запись в отчёт: {'Дата и время обработки': '2025-02-22 20:08:25', 'ID объекта': '180074', 'ID события': 859065640, 'Код события': 'E302', 'Время события': '2024-11-29 11:28:17', 'Адрес': 'м-н Ново-Иркутский, ул. Верещагина, д.15', 'Название компании': 'Ивкин Олег Васильевич', 'Ответственный': 'Ивкин Олег Васильевич', 'Номер телефона': '79025786344', 'Статус': 'Звонок соединён', 'Дополнительная информация': 'BRIDGED'}
2025-02-22 20:08:25 - Финализация события 859065640 для объекта 180074.
2025-02-22 20:08:25 - Статус события 859065640 обновлен на 2.
2025-02-22 20:08:25 - Ошибка при удалении TempDetails (event_id=859065640): (208, b"Invalid object name 'dbo.TempDetails'.DB-Lib error message 20018, severity 16:\nGeneral SQL Server error: Check messages from the SQL Server\n")
2025-02-22 20:08:25 - Событие 859065640 удалено из Temp.
2025-02-22 20:08:25 - Запись в архиве pult4db_archives.dbo.eventservice20250201 создана для события 859065640.
2025-02-22 20:08:25 - Обработка события 859065640 для объекта 180074 завершена.
2025-02-22 20:08:25 - ActionID originate-1740226076535 удалён из отслеживания.
2025-02-22 20:08:25 - AMI лог: найден ActionID originate-1740226076535 со статусом BRIDGED.
2025-02-22 20:08:26 - Аудиофайл для события 859078896: http://10.10.8.201:8000/040359.mp3
2025-02-22 20:08:26 - Найдено 3 ответственных для Panel_id=040359.
2025-02-22 20:08:26 - Инициируем звонок на номер 79501004510 для события 859078896.
2025-02-22 20:08:26 - Не удалось сгенерировать аудио для события 859095314
2025-02-22 20:08:26 - Аудиофайл для события 859095344: http://10.10.8.201:8000/400758.mp3
2025-02-22 20:08:26 - Запись в отчёт: {'Дата и время обработки': '2025-02-22 20:08:26', 'ID объекта': '040359', 'ID события': 859078896, 'Код события': 'E302', 'Время события': '2024-11-29 17:24:52', 'Адрес': 'ст.Усть-Илимск , ул.Вокзальная "База ПЧ-19"', 'Название компании': 'ДПМу-19 Ремонтные мастерские Жд о ДПМУ', 'Ответственный': 'Воеводкина Юлия Сергеевна', 'Номер телефона': '79501004510', 'Статус': 'Звонок инициирован', 'Дополнительная информация': 'ActionID: originate-1740226106825'}
2025-02-22 20:08:26 - [CALL EVENT] ActionID=originate-1740226076479, Status=FAILED, Phone=79025494746, EventID=859039319
2025-02-22 20:08:26 - Аудиофайл для события 859079970: http://10.10.8.201:8000/230257.mp3
2025-02-22 20:08:26 - Не удалось сгенерировать аудио для события 859076410
2025-02-22 20:08:26 - Звонок инициирован на номер 79501004510 для события 859078896, ActionID=originate-1740226106825.
2025-02-22 20:08:26 - Звонок неуспешен (FAILED) для номера 79025494746, event_id=859039319.
2025-02-22 20:08:26 - Ошибка при обновлении статуса события 859095314: (102, b"Incorrect syntax near 'DESCROLLBACK'.DB-Lib error message 20018, severity 15:\nGeneral SQL Server error: Check messages from the SQL Server\n")
2025-02-22 20:08:26 - Найдено 4 ответственных для Panel_id=400758.
2025-02-22 20:08:26 - Инициируем звонок на номер 79501004504 для события 859095344.
2025-02-22 20:08:26 - Найдено 4 ответственных для Panel_id=230257.
2025-02-22 20:08:26 - Инициируем звонок на номер 79149498916 для события 859079970.
2025-02-22 20:08:26 - Статус события 859076410 обновлен на 0.
2025-02-22 20:08:27 - Запись в отчёт: {'Дата и время обработки': '2025-02-22 20:08:27', 'ID объекта': '230257', 'ID события': 859079970, 'Код события': 'E302', 'Время события': '2024-11-29 17:50:47', 'Адрес': 'СНТ "Ивушка", ул. 5-ая, уч.194', 'Название компании': 'Ватолин Константин Александрович', 'Ответственный': 'Ватолин Константин Александрович', 'Номер телефона': '79149498916', 'Статус': 'Звонок инициирован', 'Дополнительная информация': 'ActionID: originate-1740226106988'}
2025-02-22 20:08:27 - Звонок инициирован на номер 79149498916 для события 859079970, ActionID=originate-1740226106988.
2025-02-22 20:08:27 - Запись в отчёт: {'Дата и время обработки': '2025-02-22 20:08:27', 'ID объекта': '400758', 'ID события': 859095344, 'Код события': 'E302', 'Время события': '2024-11-30 00:24:40', 'Адрес': 'ст.Улан-удэ, ул. Трактовая Жд о', 'Название компании': 'ОМТО,  СКП', 'Ответственный': 'Сокольников Сергей Геннадьевич', 'Номер телефона': '79501004504', 'Статус': 'Звонок инициирован', 'Дополнительная информация': 'ActionID: originate-1740226106967'}
2025-02-22 20:08:27 - Звонок инициирован на номер 79501004504 для события 859095344, ActionID=originate-1740226106967.
2025-02-22 20:08:55 - Загрузка событий из базы данных.
2025-02-22 20:08:55 - Загружено 58 событий из БД.
2025-02-22 20:08:55 - Событие 859065019 добавлено в очередь.
2025-02-22 20:08:55 - Обработка события 859095914 начата.
2025-02-22 20:08:55 - Начата обработка события 859095914.
2025-02-22 20:08:55 - Обработка события 859096009 начата.
2025-02-22 20:08:55 - Начата обработка события 859096009.
2025-02-22 20:08:55 - Object 030735 уже обрабатывался сегодня. Пропускаем.
2025-02-22 20:08:55 - Обработка события 859096235 начата.
2025-02-22 20:08:55 - Начата обработка события 859096235.
2025-02-22 20:08:55 - Событие для объекта 030735 пропущено (не наступил нужный период).
2025-02-22 20:08:55 - Обработка события 859097065 начата.
2025-02-22 20:08:55 - Начата обработка события 859097065.
2025-02-22 20:08:55 - Обработка события 859097532 начата.
2025-02-22 20:08:55 - Начата обработка события 859097532.
2025-02-22 20:08:55 - Обработка события 859102930 начата.
2025-02-22 20:08:55 - Начата обработка события 859102930.
2025-02-22 20:08:55 - Object 030735 уже обрабатывался сегодня. Пропускаем.
2025-02-22 20:08:55 - Событие 859073935 добавлено в очередь.
2025-02-22 20:08:55 - Событие для объекта 030735 пропущено (не наступил нужный период).
2025-02-22 20:08:55 - Событие 859073936 добавлено в очередь.
2025-02-22 20:08:55 - Обработка события 859103552 начата.
2025-02-22 20:08:55 - Начата обработка события 859103552.
2025-02-22 20:08:55 - Событие 859073998 добавлено в очередь.
2025-02-22 20:08:55 - Object 160103 уже обрабатывался сегодня. Пропускаем.
2025-02-22 20:08:55 - Событие 859076410 добавлено в очередь.
2025-02-22 20:08:55 - Событие для объекта 160103 пропущено (не наступил нужный период).
2025-02-22 20:08:55 - Событие 859095314 добавлено в очередь.
2025-02-22 20:08:55 - Статус события 859097065 обновлен на 1.
2025-02-22 20:08:55 - Начата обработка события 859104314.
2025-02-22 20:08:55 - Обработка события 859104314 начата.
2025-02-22 20:08:55 - Начало обработки логики события 859097065.
2025-02-22 20:08:55 - Событие 859095914 добавлено в очередь.
2025-02-22 20:08:55 - Событие 859096009 добавлено в очередь.
2025-02-22 20:08:55 - Событие 859096235 добавлено в очередь.
2025-02-22 20:08:55 - Событие 859097065 добавлено в очередь.
2025-02-22 20:08:55 - Событие 859097532 добавлено в очередь.
2025-02-22 20:08:55 - Событие 859102930 добавлено в очередь.
2025-02-22 20:08:55 - Статус события 859096235 обновлен на 1.
2025-02-22 20:08:55 - Событие 859103552 добавлено в очередь.
2025-02-22 20:08:55 - Начало обработки логики события 859096235.
2025-02-22 20:08:55 - Статус события 859096009 обновлен на 1.
2025-02-22 20:08:55 - Событие 859104314 добавлено в очередь.
2025-02-22 20:08:55 - Начало обработки логики события 859096009.
2025-02-22 20:08:55 - Событие 859104776 добавлено в очередь.
2025-02-22 20:08:55 - Событие 859105874 добавлено в очередь.
2025-02-22 20:08:55 - Событие 859106561 добавлено в очередь.
2025-02-22 20:08:55 - Событие 859109100 добавлено в очередь.
2025-02-22 20:08:55 - Событие 859109170 добавлено в очередь.
2025-02-22 20:08:55 - Событие 859109342 добавлено в очередь.
2025-02-22 20:08:55 - Событие 859109566 добавлено в очередь.
2025-02-22 20:08:55 - Событие 859110918 добавлено в очередь.
2025-02-22 20:08:55 - Событие 859111072 добавлено в очередь.
2025-02-22 20:08:55 - Событие 859111486 добавлено в очередь.
2025-02-22 20:08:55 - Статус события 859102930 обновлен на 1.
2025-02-22 20:08:55 - Событие 859111656 добавлено в очередь.
2025-02-22 20:08:55 - Начало обработки логики события 859102930.
2025-02-22 20:08:55 - Событие 859111793 добавлено в очередь.
2025-02-22 20:08:55 - Событие 859112092 добавлено в очередь.
2025-02-22 20:08:55 - Событие 859112215 добавлено в очередь.
2025-02-22 20:08:55 - Событие 859112277 добавлено в очередь.
2025-02-22 20:08:55 - Статус события 859104314 обновлен на 1.
2025-02-22 20:08:55 - Событие 859112517 добавлено в очередь.
2025-02-22 20:08:55 - Начало обработки логики события 859104314.
2025-02-22 20:08:55 - Событие 859112599 добавлено в очередь.
2025-02-22 20:08:55 - Событие 859112763 добавлено в очередь.
2025-02-22 20:08:55 - Событие 859112795 добавлено в очередь.
2025-02-22 20:08:55 - Запись в архив pult4db_archives.dbo.archive20250201 создана для события 859097065.
2025-02-22 20:08:55 - Событие 859113277 добавлено в очередь.
2025-02-22 20:08:55 - Событие 859113336 добавлено в очередь.
2025-02-22 20:08:55 - Событие 859113481 добавлено в очередь.
2025-02-22 20:08:55 - Событие 859113695 добавлено в очередь.
2025-02-22 20:08:55 - Событие 859114518 добавлено в очередь.
2025-02-22 20:08:55 - Событие 859114556 добавлено в очередь.
2025-02-22 20:08:55 - Событие 859115120 добавлено в очередь.
2025-02-22 20:08:55 - Событие 859115665 добавлено в очередь.
2025-02-22 20:08:55 - Событие 859115930 добавлено в очередь.
2025-02-22 20:08:55 - Событие 859116527 добавлено в очередь.
2025-02-22 20:08:55 - Событие 859116691 добавлено в очередь.
2025-02-22 20:08:55 - Событие 859116843 добавлено в очередь.
2025-02-22 20:08:55 - Событие 859116871 добавлено в очередь.
2025-02-22 20:08:55 - Событие 859117098 добавлено в очередь.
2025-02-22 20:08:55 - Событие 859117358 добавлено в очередь.
2025-02-22 20:08:55 - Событие 859117359 добавлено в очередь.
2025-02-22 20:08:55 - Событие 859117426 добавлено в очередь.
2025-02-22 20:08:55 - Событие 859117607 добавлено в очередь.
2025-02-22 20:08:55 - Событие 859119019 добавлено в очередь.
2025-02-22 20:08:55 - Запись в архив pult4db_archives.dbo.archive20250201 создана для события 859096235.
2025-02-22 20:08:55 - Событие 859119397 добавлено в очередь.
2025-02-22 20:08:55 - Событие 859119739 добавлено в очередь.
2025-02-22 20:08:55 - Событие 859120211 добавлено в очередь.
2025-02-22 20:08:55 - Событие 859120332 добавлено в очередь.
2025-02-22 20:08:55 - Событие 859120527 добавлено в очередь.
2025-02-22 20:08:55 - Запись в архив pult4db_archives.dbo.archive20250201 создана для события 859096009.
2025-02-22 20:08:55 - Событие 859121140 добавлено в очередь.
2025-02-22 20:08:55 - Цикл завершен. Ждем 30.0 сек.
2025-02-22 20:08:55 - Запись в архив pult4db_archives.dbo.archive20250201 создана для события 859104314.
2025-02-22 20:08:55 - Запись в архиве pult4db_archives.dbo.eventservice20250201 создана для события 859096235.
2025-02-22 20:08:55 - Запись в архиве pult4db_archives.dbo.eventservice20250201 создана для события 859097065.
2025-02-22 20:08:55 - Запись в архив pult4db_archives.dbo.archive20250201 создана для события 859102930.
2025-02-22 20:08:55 - Запись в архиве pult4db_archives.dbo.eventservice20250201 создана для события 859096009.
2025-02-22 20:08:55 - Запись в архиве pult4db_archives.dbo.eventservice20250201 создана для события 859102930.
2025-02-22 20:08:55 - Запись в архиве pult4db_archives.dbo.eventservice20250201 создана для события 859104314.
2025-02-22 20:08:57 - Аудиофайл для события 859096009: http://10.10.8.201:8000/220432.mp3
2025-02-22 20:08:57 - Аудиофайл для события 859096235: http://10.10.8.201:8000/100105.mp3
2025-02-22 20:08:57 - Аудиофайл для события 859097065: http://10.10.8.201:8000/200710.mp3
2025-02-22 20:08:57 - Аудиофайл для события 859102930: http://10.10.8.201:8000/300507.mp3
2025-02-22 20:08:57 - Найдено 5 ответственных для Panel_id=220432.
2025-02-22 20:08:57 - Аудиофайл для события 859104314: http://10.10.8.201:8000/300991.mp3
2025-02-22 20:08:57 - Инициируем звонок на номер 79148998591 для события 859096009.
2025-02-22 20:08:57 - Найдено 6 ответственных для Panel_id=100105.
2025-02-22 20:08:57 - Инициируем звонок на номер 79643574068 для события 859096235.
2025-02-22 20:08:57 - Запись в отчёт: {'Дата и время обработки': '2025-02-22 20:08:57', 'ID объекта': '220432', 'ID события': 859096009, 'Код события': 'E302', 'Время события': '2024-11-30 00:52:45', 'Адрес': 'м-н Николов Посад, ул. Крутая, д.18 (гараж)', 'Название компании': 'Чурсин Андрей Алексеевич', 'Ответственный': 'Чурсин Андрей Алексеевич', 'Номер телефона': '79148998591', 'Статус': 'Звонок инициирован', 'Дополнительная информация': 'ActionID: originate-1740226137121'}
2025-02-22 20:08:57 - Найдено 6 ответственных для Panel_id=200710.
2025-02-22 20:08:57 - Звонок инициирован на номер 79148998591 для события 859096009, ActionID=originate-1740226137121.
2025-02-22 20:08:57 - Инициируем звонок на номер 527915 для события 859097065.
2025-02-22 20:08:57 - Запись в отчёт: {'Дата и время обработки': '2025-02-22 20:08:57', 'ID объекта': '100105', 'ID события': 859096235, 'Код события': 'E302', 'Время события': '2024-11-30 01:00:01', 'Адрес': 'ул. Депутатская  д.84/2  кв.92', 'Название компании': 'Доронина Наталья Евгеньевна', 'Ответственный': 'Дроронина Наталья Евгеньевна', 'Номер телефона': '79643574068', 'Статус': 'Звонок инициирован', 'Дополнительная информация': 'ActionID: originate-1740226137163'}
2025-02-22 20:08:57 - Звонок инициирован на номер 79643574068 для события 859096235, ActionID=originate-1740226137163.
2025-02-22 20:08:57 - Найдено 4 ответственных для Panel_id=300507.
2025-02-22 20:08:57 - Инициируем звонок на номер 79149523480 для события 859102930.
2025-02-22 20:08:57 - Запись в отчёт: {'Дата и время обработки': '2025-02-22 20:08:57', 'ID объекта': '200710', 'ID события': 859097065, 'Код события': 'E302', 'Время события': '2024-11-30 01:25:44', 'Адрес': 'ул. Белобородова, д.8/3 кв.23', 'Название компании': 'Чугаев Сергей Валерьевич', 'Ответственный': 'Чугаев Сергей Валерьевич', 'Номер телефона': '527915', 'Статус': 'Звонок инициирован', 'Дополнительная информация': 'ActionID: originate-1740226137257'}
2025-02-22 20:08:57 - Звонок инициирован на номер 527915 для события 859097065, ActionID=originate-1740226137257.
2025-02-22 20:08:57 - Найдено 3 ответственных для Panel_id=300991.
2025-02-22 20:08:57 - Инициируем звонок на номер 79501192249 для события 859104314.
2025-02-22 20:08:57 - Запись в отчёт: {'Дата и время обработки': '2025-02-22 20:08:57', 'ID объекта': '300507', 'ID события': 859102930, 'Код события': 'E302', 'Время события': '2024-11-30 04:30:52', 'Адрес': 'с. Пивовариха, ул. Каштановая, д.262', 'Название компании': 'Чернышов Игорь Петрович', 'Ответственный': 'Таиров Евгений Ильич', 'Номер телефона': '79149523480', 'Статус': 'Звонок инициирован', 'Дополнительная информация': 'ActionID: originate-1740226137293'}
2025-02-22 20:08:57 - Звонок инициирован на номер 79149523480 для события 859102930, ActionID=originate-1740226137293.
2025-02-22 20:08:57 - Запись в отчёт: {'Дата и время обработки': '2025-02-22 20:08:57', 'ID объекта': '300991', 'ID события': 859104314, 'Код события': 'E302', 'Время события': '2024-12-01 01:38:29', 'Адрес': 'ул. Старо-Кузьмихинская, д.48/1 (пиццерия "Rikko")', 'Название компании': 'ИП Курочкин Николай Николаевич', 'Ответственный': 'Курочкин Николай Николаевич', 'Номер телефона': '79501192249', 'Статус': 'Звонок инициирован', 'Дополнительная информация': 'ActionID: originate-1740226137363'}
2025-02-22 20:08:57 - Звонок инициирован на номер 79501192249 для события 859104314, ActionID=originate-1740226137363.
2025-02-22 20:09:25 - Загрузка событий из базы данных.
2025-02-22 20:09:25 - Загружено 53 событий из БД.
2025-02-22 20:09:25 - Событие 859065019 добавлено в очередь.
2025-02-22 20:09:25 - Обработка события 859104776 начата.
2025-02-22 20:09:25 - Начата обработка события 859104776.
2025-02-22 20:09:25 - Обработка события 859105874 начата.
2025-02-22 20:09:25 - Начата обработка события 859105874.
2025-02-22 20:09:25 - Object 030735 уже обрабатывался сегодня. Пропускаем.
2025-02-22 20:09:25 - Обработка события 859106561 начата.
2025-02-22 20:09:25 - Начата обработка события 859106561.
2025-02-22 20:09:25 - Событие для объекта 030735 пропущено (не наступил нужный период).
2025-02-22 20:09:25 - Обработка события 859109100 начата.
2025-02-22 20:09:25 - Начата обработка события 859109100.
2025-02-22 20:09:25 - Обработка события 859109170 начата.
2025-02-22 20:09:25 - Начата обработка события 859109170.
2025-02-22 20:09:25 - Обработка события 859109342 начата.
2025-02-22 20:09:25 - Начата обработка события 859109342.
2025-02-22 20:09:25 - Событие 859073935 добавлено в очередь.
2025-02-22 20:09:25 - Событие 859073936 добавлено в очередь.
2025-02-22 20:09:25 - Событие 859073998 добавлено в очередь.
2025-02-22 20:09:25 - Статус события 859106561 обновлен на 1.
2025-02-22 20:09:25 - Событие 859076410 добавлено в очередь.
2025-02-22 20:09:25 - Статус события 859105874 обновлен на 1.
2025-02-22 20:09:25 - Начало обработки логики события 859106561.
2025-02-22 20:09:25 - Событие 859095314 добавлено в очередь.
2025-02-22 20:09:25 - Начало обработки логики события 859105874.
2025-02-22 20:09:25 - Событие 859095914 добавлено в очередь.
2025-02-22 20:09:25 - Событие 859097532 добавлено в очередь.
2025-02-22 20:09:25 - Статус события 859109170 обновлен на 1.
2025-02-22 20:09:25 - Событие 859103552 добавлено в очередь.
2025-02-22 20:09:25 - Начало обработки логики события 859109170.
2025-02-22 20:09:25 - Событие 859104776 добавлено в очередь.
2025-02-22 20:09:25 - Событие 859105874 добавлено в очередь.
2025-02-22 20:09:25 - Событие 859106561 добавлено в очередь.
2025-02-22 20:09:25 - Событие 859109100 добавлено в очередь.
2025-02-22 20:09:25 - Событие 859109170 добавлено в очередь.
2025-02-22 20:09:25 - Событие 859109342 добавлено в очередь.
2025-02-22 20:09:25 - Событие 859109566 добавлено в очередь.
2025-02-22 20:09:25 - Событие 859110918 добавлено в очередь.
2025-02-22 20:09:25 - Событие 859111072 добавлено в очередь.
2025-02-22 20:09:25 - Событие 859111486 добавлено в очередь.
2025-02-22 20:09:25 - Статус события 859109342 обновлен на 1.
2025-02-22 20:09:25 - Событие 859111656 добавлено в очередь.
2025-02-22 20:09:25 - Начало обработки логики события 859109342.
2025-02-22 20:09:25 - Событие 859111793 добавлено в очередь.
2025-02-22 20:09:25 - Событие 859112092 добавлено в очередь.
2025-02-22 20:09:25 - Статус события 859109100 обновлен на 1.
2025-02-22 20:09:25 - Событие 859112215 добавлено в очередь.
2025-02-22 20:09:25 - Начало обработки логики события 859109100.
2025-02-22 20:09:25 - Событие 859112277 добавлено в очередь.
2025-02-22 20:09:25 - Событие 859112517 добавлено в очередь.
2025-02-22 20:09:25 - Запись в архив pult4db_archives.dbo.archive20250201 создана для события 859106561.
2025-02-22 20:09:25 - Событие 859112599 добавлено в очередь.
2025-02-22 20:09:25 - Событие 859112763 добавлено в очередь.
2025-02-22 20:09:25 - Событие 859112795 добавлено в очередь.
2025-02-22 20:09:25 - Событие 859113277 добавлено в очередь.
2025-02-22 20:09:25 - Событие 859113336 добавлено в очередь.
2025-02-22 20:09:25 - Событие 859113481 добавлено в очередь.
2025-02-22 20:09:25 - Событие 859113695 добавлено в очередь.
2025-02-22 20:09:25 - Событие 859114518 добавлено в очередь.
2025-02-22 20:09:25 - Событие 859114556 добавлено в очередь.
2025-02-22 20:09:25 - Событие 859115120 добавлено в очередь.
2025-02-22 20:09:25 - Событие 859115665 добавлено в очередь.
2025-02-22 20:09:25 - Событие 859115930 добавлено в очередь.
2025-02-22 20:09:25 - Запись в архив pult4db_archives.dbo.archive20250201 создана для события 859105874.
2025-02-22 20:09:25 - Событие 859116527 добавлено в очередь.
2025-02-22 20:09:25 - Событие 859116691 добавлено в очередь.
2025-02-22 20:09:25 - Событие 859116843 добавлено в очередь.
2025-02-22 20:09:25 - Событие 859116871 добавлено в очередь.
2025-02-22 20:09:25 - Событие 859117098 добавлено в очередь.
2025-02-22 20:09:25 - Событие 859117358 добавлено в очередь.
2025-02-22 20:09:25 - Событие 859117359 добавлено в очередь.
2025-02-22 20:09:25 - Событие 859117426 добавлено в очередь.
2025-02-22 20:09:25 - Событие 859117607 добавлено в очередь.
2025-02-22 20:09:25 - Событие 859119019 добавлено в очередь.
2025-02-22 20:09:25 - Событие 859119397 добавлено в очередь.
2025-02-22 20:09:25 - Событие 859119739 добавлено в очередь.
2025-02-22 20:09:25 - Запись в архив pult4db_archives.dbo.archive20250201 создана для события 859109100.
2025-02-22 20:09:25 - Событие 859120211 добавлено в очередь.
2025-02-22 20:09:25 - Событие 859120332 добавлено в очередь.
2025-02-22 20:09:25 - Событие 859120527 добавлено в очередь.
2025-02-22 20:09:25 - Событие 859121140 добавлено в очередь.
2025-02-22 20:09:25 - Цикл завершен. Ждем 30.0 сек.
2025-02-22 20:09:25 - Запись в архив pult4db_archives.dbo.archive20250201 создана для события 859109170.
2025-02-22 20:09:25 - Запись в архив pult4db_archives.dbo.archive20250201 создана для события 859109342.
2025-02-22 20:09:25 - Запись в архиве pult4db_archives.dbo.eventservice20250201 создана для события 859109100.
2025-02-22 20:09:25 - Запись в архиве pult4db_archives.dbo.eventservice20250201 создана для события 859109170.
2025-02-22 20:09:25 - Запись в архиве pult4db_archives.dbo.eventservice20250201 создана для события 859106561.
2025-02-22 20:09:25 - Запись в архиве pult4db_archives.dbo.eventservice20250201 создана для события 859105874.
2025-02-22 20:09:26 - Запись в архиве pult4db_archives.dbo.eventservice20250201 создана для события 859109342.
2025-02-22 20:09:27 - Аудиофайл для события 859109170: http://10.10.8.201:8000/220242.mp3
2025-02-22 20:09:27 - Аудиофайл для события 859109100: http://10.10.8.201:8000/400352.mp3
2025-02-22 20:09:27 - Найдено 6 ответственных для Panel_id=220242.
2025-02-22 20:09:27 - Инициируем звонок на номер 0 для события 859109170.
2025-02-22 20:09:27 - Аудиофайл для события 859105874: http://10.10.8.201:8000/230020.mp3
2025-02-22 20:09:27 - Найдено 6 ответственных для Panel_id=400352.
2025-02-22 20:09:27 - Аудиофайл для события 859109342: http://10.10.8.201:8000/410104.mp3
2025-02-22 20:09:27 - Инициируем звонок на номер 79526360728 для события 859109100.
2025-02-22 20:09:27 - Запись в отчёт: {'Дата и время обработки': '2025-02-22 20:09:27', 'ID объекта': '220242', 'ID события': 859109170, 'Код события': 'E302', 'Время события': '2024-12-01 01:42:17', 'Адрес': 'м-н Берёзовый, д.145, помещение №4', 'Название компании': 'Лапин Илья Юрьевич', 'Ответственный': 'Александрова Наталья Валентиновна', 'Номер телефона': '0', 'Статус': 'Звонок инициирован', 'Дополнительная информация': 'ActionID: originate-1740226167443'}
2025-02-22 20:09:27 - Звонок инициирован на номер 0 для события 859109170, ActionID=originate-1740226167443.
2025-02-22 20:09:27 - Найдено 6 ответственных для Panel_id=230020.
2025-02-22 20:09:27 - Аудиофайл для события 859106561: http://10.10.8.201:8000/140140.mp3
2025-02-22 20:09:27 - Инициируем звонок на номер 79025155949 для события 859105874.
2025-02-22 20:09:27 - Запись в отчёт: {'Дата и время обработки': '2025-02-22 20:09:27', 'ID объекта': '400352', 'ID события': 859109100, 'Код события': 'E302', 'Время события': '2024-12-01 01:42:14', 'Адрес': 'п. Молодежный, ул. Зеленая, д.53 А', 'Название компании': 'Сафина Ирина Александровна', 'Ответственный': 'Сафин Данил Рустамович', 'Номер телефона': '79526360728', 'Статус': 'Звонок инициирован', 'Дополнительная информация': 'ActionID: originate-1740226167534'}
2025-02-22 20:09:27 - Звонок инициирован на номер 79526360728 для события 859109100, ActionID=originate-1740226167534.
2025-02-22 20:09:27 - Найдено 11 ответственных для Panel_id=410104.
2025-02-22 20:09:27 - Инициируем звонок на номер 79016403607 для события 859109342.
2025-02-22 20:09:27 - Найдено 7 ответственных для Panel_id=140140.
2025-02-22 20:09:27 - Запись в отчёт: {'Дата и время обработки': '2025-02-22 20:09:27', 'ID объекта': '230020', 'ID события': 859105874, 'Код события': 'E302', 'Время события': '2024-12-01 01:39:27', 'Адрес': 'СНТ "Электрон", ул. 2-ая, уч.90', 'Название компании': 'Денисова Валентина Сергеевна', 'Ответственный': 'Бельская Наталья Евгеньевна ЗВОНИТЬ В ПЕРВУЮ ОЧЕРЕДЬ.', 'Номер телефона': '79025155949', 'Статус': 'Звонок инициирован', 'Дополнительная информация': 'ActionID: originate-1740226167592'}
2025-02-22 20:09:27 - Инициируем звонок на номер 79834487280 для события 859106561.
2025-02-22 20:09:27 - Звонок инициирован на номер 79025155949 для события 859105874, ActionID=originate-1740226167592.
2025-02-22 20:09:27 - Запись в отчёт: {'Дата и время обработки': '2025-02-22 20:09:27', 'ID объекта': '410104', 'ID события': 859109342, 'Код события': 'E302', 'Время события': '2024-12-01 01:42:26', 'Адрес': 'г. Ангарск, 179 квартал, д.5 В магазин "Бристоль"', 'Название компании': 'ООО "Альбион 2002"', 'Ответственный': 'Пульт центр. охраны "Викинг"', 'Номер телефона': '79016403607', 'Статус': 'Звонок инициирован', 'Дополнительная информация': 'ActionID: originate-1740226167683'}
2025-02-22 20:09:27 - Звонок инициирован на номер 79016403607 для события 859109342, ActionID=originate-1740226167683.
2025-02-22 20:09:27 - Запись в отчёт: {'Дата и время обработки': '2025-02-22 20:09:27', 'ID объекта': '140140', 'ID события': 859106561, 'Код события': 'E302', 'Время события': '2024-12-01 01:40:08', 'Адрес': 'СНТ "Иркутянин", ул. Сиреневая, д.40', 'Название компании': 'Гордеец Ольга Евгеньевна ', 'Ответственный': 'Гордеец Ирина Ивановна', 'Номер телефона': '79834487280', 'Статус': 'Звонок инициирован', 'Дополнительная информация': 'ActionID: originate-1740226167699'}
2025-02-22 20:09:27 - Звонок инициирован на номер 79834487280 для события 859106561, ActionID=originate-1740226167699.
2025-02-22 20:09:55 - Загрузка событий из базы данных.
2025-02-22 20:09:55 - Загружено 48 событий из БД.
2025-02-22 20:09:55 - Событие 859065019 добавлено в очередь.
2025-02-22 20:09:55 - Обработка события 859109566 начата.
2025-02-22 20:09:55 - Обработка события 859110918 начата.
2025-02-22 20:09:55 - Начата обработка события 859109566.
2025-02-22 20:09:55 - Начата обработка события 859110918.
2025-02-22 20:09:55 - Обработка события 859111072 начата.
2025-02-22 20:09:55 - Начата обработка события 859111072.
2025-02-22 20:09:55 - Object 030735 уже обрабатывался сегодня. Пропускаем.
2025-02-22 20:09:55 - Обработка события 859111486 начата.
2025-02-22 20:09:55 - Начата обработка события 859111486.
2025-02-22 20:09:55 - Событие для объекта 030735 пропущено (не наступил нужный период).
2025-02-22 20:09:55 - Обработка события 859111656 начата.
2025-02-22 20:09:55 - Начата обработка события 859111656.
2025-02-22 20:09:55 - Обработка события 859111793 начата.
2025-02-22 20:09:55 - Начата обработка события 859111793.
2025-02-22 20:09:55 - Событие 859073935 добавлено в очередь.
2025-02-22 20:09:55 - Событие 859073936 добавлено в очередь.
2025-02-22 20:09:55 - Событие 859073998 добавлено в очередь.
2025-02-22 20:09:55 - Событие 859076410 добавлено в очередь.
2025-02-22 20:09:55 - Событие 859095314 добавлено в очередь.
2025-02-22 20:09:55 - Событие 859095914 добавлено в очередь.
2025-02-22 20:09:55 - Событие 859097532 добавлено в очередь.
2025-02-22 20:09:55 - Событие 859103552 добавлено в очередь.
2025-02-22 20:09:55 - Событие 859104776 добавлено в очередь.
2025-02-22 20:09:55 - Статус события 859111486 обновлен на 1.
2025-02-22 20:09:55 - Событие 859109566 добавлено в очередь.
2025-02-22 20:09:55 - Начало обработки логики события 859111486.
2025-02-22 20:09:55 - Событие 859110918 добавлено в очередь.
2025-02-22 20:09:56 - Событие 859111072 добавлено в очередь.
2025-02-22 20:09:56 - Событие 859111486 добавлено в очередь.
2025-02-22 20:09:56 - Статус события 859111656 обновлен на 1.
2025-02-22 20:09:56 - Событие 859111656 добавлено в очередь.
2025-02-22 20:09:56 - Начало обработки логики события 859111656.
2025-02-22 20:09:56 - Событие 859111793 добавлено в очередь.
2025-02-22 20:09:56 - Статус события 859111072 обновлен на 1.
2025-02-22 20:09:56 - Событие 859112092 добавлено в очередь.
2025-02-22 20:09:56 - Статус события 859110918 обновлен на 1.
2025-02-22 20:09:56 - Начало обработки логики события 859111072.
2025-02-22 20:09:56 - Событие 859112215 добавлено в очередь.
2025-02-22 20:09:56 - Начало обработки логики события 859110918.
2025-02-22 20:09:56 - Событие 859112277 добавлено в очередь.
2025-02-22 20:09:56 - Событие 859112517 добавлено в очередь.
2025-02-22 20:09:56 - Событие 859112599 добавлено в очередь.
2025-02-22 20:09:56 - Событие 859112763 добавлено в очередь.
2025-02-22 20:09:56 - Событие 859112795 добавлено в очередь.
2025-02-22 20:09:56 - Событие 859113277 добавлено в очередь.
2025-02-22 20:09:56 - Событие 859113336 добавлено в очередь.
2025-02-22 20:09:56 - Событие 859113481 добавлено в очередь.
2025-02-22 20:09:56 - Событие 859113695 добавлено в очередь.
2025-02-22 20:09:56 - Событие 859114518 добавлено в очередь.
2025-02-22 20:09:56 - Событие 859114556 добавлено в очередь.
2025-02-22 20:09:56 - Событие 859115120 добавлено в очередь.
2025-02-22 20:09:56 - Статус события 859111793 обновлен на 1.
2025-02-22 20:09:56 - Событие 859115665 добавлено в очередь.
2025-02-22 20:09:56 - Начало обработки логики события 859111793.
2025-02-22 20:09:56 - Событие 859115930 добавлено в очередь.
2025-02-22 20:09:56 - Событие 859116527 добавлено в очередь.
2025-02-22 20:09:56 - Событие 859116691 добавлено в очередь.
2025-02-22 20:09:56 - Событие 859116843 добавлено в очередь.
2025-02-22 20:09:56 - Событие 859116871 добавлено в очередь.
2025-02-22 20:09:56 - Событие 859117098 добавлено в очередь.
2025-02-22 20:09:56 - Запись в архив pult4db_archives.dbo.archive20250201 создана для события 859110918.
2025-02-22 20:09:56 - Событие 859117358 добавлено в очередь.
2025-02-22 20:09:56 - Событие 859117359 добавлено в очередь.
2025-02-22 20:09:56 - Событие 859117426 добавлено в очередь.
2025-02-22 20:09:56 - Событие 859117607 добавлено в очередь.
2025-02-22 20:09:56 - Событие 859119019 добавлено в очередь.
2025-02-22 20:09:56 - Событие 859119397 добавлено в очередь.
2025-02-22 20:09:56 - Событие 859119739 добавлено в очередь.
2025-02-22 20:09:56 - Событие 859120211 добавлено в очередь.
2025-02-22 20:09:56 - Событие 859120332 добавлено в очередь.
2025-02-22 20:09:56 - Запись в архив pult4db_archives.dbo.archive20250201 создана для события 859111072.
2025-02-22 20:09:56 - Событие 859120527 добавлено в очередь.
2025-02-22 20:09:56 - Событие 859121140 добавлено в очередь.
2025-02-22 20:09:56 - Цикл завершен. Ждем 30.0 сек.
2025-02-22 20:09:56 - Запись в архив pult4db_archives.dbo.archive20250201 создана для события 859111486.
2025-02-22 20:09:56 - Запись в архиве pult4db_archives.dbo.eventservice20250201 создана для события 859110918.
2025-02-22 20:09:56 - Запись в архиве pult4db_archives.dbo.eventservice20250201 создана для события 859111486.
2025-02-22 20:09:56 - Запись в архиве pult4db_archives.dbo.eventservice20250201 создана для события 859111072.
2025-02-22 20:09:56 - Запись в архив pult4db_archives.dbo.archive20250201 создана для события 859111793.
2025-02-22 20:09:56 - Запись в архив pult4db_archives.dbo.archive20250201 создана для события 859111656.
2025-02-22 20:09:56 - Запись в архиве pult4db_archives.dbo.eventservice20250201 создана для события 859111793.
2025-02-22 20:09:56 - Запись в архиве pult4db_archives.dbo.eventservice20250201 создана для события 859111656.
2025-02-22 20:09:57 - Аудиофайл для события 859111793: http://10.10.8.201:8000/210054.mp3
2025-02-22 20:09:57 - Аудиофайл для события 859111072: http://10.10.8.201:8000/210054.mp3
2025-02-22 20:09:57 - Найдено 4 ответственных для Panel_id=210054.
2025-02-22 20:09:57 - Инициируем звонок на номер 79086455962 для события 859111793.
2025-02-22 20:09:57 - Найдено 4 ответственных для Panel_id=210054.
2025-02-22 20:09:57 - Инициируем звонок на номер 79086455962 для события 859111072.
2025-02-22 20:09:57 - Запись в отчёт: {'Дата и время обработки': '2025-02-22 20:09:57', 'ID объекта': '210054', 'ID события': 859111793, 'Код события': 'E302', 'Время события': '2024-12-01 01:45:58', 'Адрес': 'ул. Багратиона, д.8/2 кв.17', 'Название компании': 'Мянникова Светлана Александровна ', 'Ответственный': 'Мянникова Светлана Александровна', 'Номер телефона': '79086455962', 'Статус': 'Звонок инициирован', 'Дополнительная информация': 'ActionID: originate-1740226197514'}
2025-02-22 20:09:57 - Звонок инициирован на номер 79086455962 для события 859111793, ActionID=originate-1740226197514.
2025-02-22 20:09:57 - Запись в отчёт: {'Дата и время обработки': '2025-02-22 20:09:57', 'ID объекта': '210054', 'ID события': 859111072, 'Код события': 'E302', 'Время события': '2024-12-01 01:45:21', 'Адрес': 'ул. Багратиона, д.8/2 кв.17', 'Название компании': 'Мянникова Светлана Александровна ', 'Ответственный': 'Мянникова Светлана Александровна', 'Номер телефона': '79086455962', 'Статус': 'Звонок инициирован', 'Дополнительная информация': 'ActionID: originate-1740226197549'}
2025-02-22 20:09:57 - Звонок инициирован на номер 79086455962 для события 859111072, ActionID=originate-1740226197549.
2025-02-22 20:09:57 - Аудиофайл для события 859110918: http://10.10.8.201:8000/400997.mp3
2025-02-22 20:09:57 - Найдено 2 ответственных для Panel_id=400997.
2025-02-22 20:09:57 - Инициируем звонок на номер 79149573731 для события 859110918.
2025-02-22 20:09:57 - Аудиофайл для события 859111486: http://10.10.8.201:8000/300197.mp3
2025-02-22 20:09:57 - Аудиофайл для события 859111656: http://10.10.8.201:8000/130005.mp3
2025-02-22 20:09:57 - Запись в отчёт: {'Дата и время обработки': '2025-02-22 20:09:57', 'ID объекта': '400997', 'ID события': 859110918, 'Код события': 'E302', 'Время события': '2024-12-01 01:45:13', 'Адрес': 'Б-р Рябикова, ООТ "Бульвар Рябикова" (павильон "Мясо" в подземном переходе)', 'Название компании': 'ИП Калашян Армен Мамеи', 'Ответственный': 'Калашян Армен Мамеи', 'Номер телефона': '79149573731', 'Статус': 'Звонок инициирован', 'Дополнительная информация': 'ActionID: originate-1740226197874'}
2025-02-22 20:09:57 - Звонок инициирован на номер 79149573731 для события 859110918, ActionID=originate-1740226197874.
2025-02-22 20:09:57 - Найдено 4 ответственных для Panel_id=300197.
2025-02-22 20:09:57 - Инициируем звонок на номер 79500833034 для события 859111486.
2025-02-22 20:09:58 - Найдено 5 ответственных для Panel_id=130005.
2025-02-22 20:09:58 - Инициируем звонок на номер 79025785310 для события 859111656.
2025-02-22 20:09:58 - Запись в отчёт: {'Дата и время обработки': '2025-02-22 20:09:58', 'ID объекта': '130005', 'ID события': 859111656, 'Код события': 'E302', 'Время события': '2024-12-01 01:45:52', 'Адрес': 'ул. Дыбовского, д.8/13 кв.51', 'Название компании': 'Богданова Любовь Георгиевна ', 'Ответственный': 'Богданов Сергей Владимирович', 'Номер телефона': '79025785310', 'Статус': 'Звонок инициирован', 'Дополнительная информация': 'ActionID: originate-1740226198022'}
2025-02-22 20:09:58 - Запись в отчёт: {'Дата и время обработки': '2025-02-22 20:09:58', 'ID объекта': '300197', 'ID события': 859111486, 'Код события': 'E302', 'Время события': '2024-12-01 01:45:43', 'Адрес': 'ст.Мысовая ЖД о ул.Байкальская №1 Жд о', 'Название компании': 'ДМТО База топлива ', 'Ответственный': 'пост охраны (Мысовая)', 'Номер телефона': '79500833034', 'Статус': 'Звонок инициирован', 'Дополнительная информация': 'ActionID: originate-1740226197995'}
2025-02-22 20:09:58 - Звонок инициирован на номер 79025785310 для события 859111656, ActionID=originate-1740226198022.
2025-02-22 20:09:58 - Звонок инициирован на номер 79500833034 для события 859111486, ActionID=originate-1740226197995.
2025-02-22 20:10:26 - Загрузка событий из базы данных.
2025-02-22 20:10:26 - Загружено 43 событий из БД.
2025-02-22 20:10:26 - Событие 859065019 добавлено в очередь.
2025-02-22 20:10:26 - Обработка события 859112092 начата.
2025-02-22 20:10:26 - Начата обработка события 859112092.
2025-02-22 20:10:26 - Обработка события 859112215 начата.
2025-02-22 20:10:26 - Начата обработка события 859112215.
2025-02-22 20:10:26 - Обработка события 859112277 начата.
2025-02-22 20:10:26 - Начата обработка события 859112277.
2025-02-22 20:10:26 - Object 140140 уже обрабатывался сегодня. Пропускаем.
2025-02-22 20:10:26 - Обработка события 859112517 начата.
2025-02-22 20:10:26 - Начата обработка события 859112517.
2025-02-22 20:10:26 - Событие для объекта 140140 пропущено (не наступил нужный период).
2025-02-22 20:10:26 - Обработка события 859112599 начата.
2025-02-22 20:10:26 - Начата обработка события 859112599.
2025-02-22 20:10:26 - Обработка события 859112763 начата.
2025-02-22 20:10:26 - Начата обработка события 859112763.
2025-02-22 20:10:26 - Object 300991 уже обрабатывался сегодня. Пропускаем.
2025-02-22 20:10:26 - Событие 859073935 добавлено в очередь.
2025-02-22 20:10:26 - Событие для объекта 300991 пропущено (не наступил нужный период).
2025-02-22 20:10:26 - Событие 859073936 добавлено в очередь.
2025-02-22 20:10:26 - Обработка события 859112795 начата.
2025-02-22 20:10:26 - Начата обработка события 859112795.
2025-02-22 20:10:26 - Событие 859073998 добавлено в очередь.
2025-02-22 20:10:26 - Событие 859076410 добавлено в очередь.
2025-02-22 20:10:26 - Событие 859095314 добавлено в очередь.
2025-02-22 20:10:26 - Событие 859095914 добавлено в очередь.
2025-02-22 20:10:26 - Статус события 859112517 обновлен на 1.
2025-02-22 20:10:26 - Событие 859097532 добавлено в очередь.
2025-02-22 20:10:26 - Начало обработки логики события 859112517.
2025-02-22 20:10:26 - Событие 859103552 добавлено в очередь.
2025-02-22 20:10:26 - Событие 859104776 добавлено в очередь.
2025-02-22 20:10:26 - Событие 859109566 добавлено в очередь.
2025-02-22 20:10:26 - Событие 859112092 добавлено в очередь.
2025-02-22 20:10:26 - Статус события 859112763 обновлен на 1.
2025-02-22 20:10:26 - Событие 859112215 добавлено в очередь.
2025-02-22 20:10:26 - Начало обработки логики события 859112763.
2025-02-22 20:10:26 - Событие 859112277 добавлено в очередь.
2025-02-22 20:10:26 - Событие 859112517 добавлено в очередь.
2025-02-22 20:10:26 - Событие 859112599 добавлено в очередь.
2025-02-22 20:10:26 - Событие 859112763 добавлено в очередь.
2025-02-22 20:10:26 - Событие 859112795 добавлено в очередь.
2025-02-22 20:10:26 - Событие 859113277 добавлено в очередь.
2025-02-22 20:10:26 - Статус события 859112795 обновлен на 1.
2025-02-22 20:10:26 - Событие 859113336 добавлено в очередь.
2025-02-22 20:10:26 - Начало обработки логики события 859112795.
2025-02-22 20:10:26 - Событие 859113481 добавлено в очередь.
2025-02-22 20:10:26 - Событие 859113695 добавлено в очередь.
2025-02-22 20:10:26 - Событие 859114518 добавлено в очередь.
2025-02-22 20:10:26 - Статус события 859112277 обновлен на 1.
2025-02-22 20:10:26 - Событие 859114556 добавлено в очередь.
2025-02-22 20:10:26 - Начало обработки логики события 859112277.
2025-02-22 20:10:26 - Событие 859115120 добавлено в очередь.
2025-02-22 20:10:26 - Событие 859115665 добавлено в очередь.
2025-02-22 20:10:26 - Событие 859115930 добавлено в очередь.
2025-02-22 20:10:26 - Запись в архив pult4db_archives.dbo.archive20250201 создана для события 859112763.
2025-02-22 20:10:26 - Событие 859116527 добавлено в очередь.
2025-02-22 20:10:26 - Событие 859116691 добавлено в очередь.
2025-02-22 20:10:26 - Событие 859116843 добавлено в очередь.
2025-02-22 20:10:26 - Событие 859116871 добавлено в очередь.
2025-02-22 20:10:26 - Событие 859117098 добавлено в очередь.
2025-02-22 20:10:26 - Событие 859117358 добавлено в очередь.
2025-02-22 20:10:26 - Событие 859117359 добавлено в очередь.
2025-02-22 20:10:26 - Событие 859117426 добавлено в очередь.
2025-02-22 20:10:26 - Событие 859117607 добавлено в очередь.
2025-02-22 20:10:26 - Событие 859119019 добавлено в очередь.
2025-02-22 20:10:26 - Статус события 859112092 обновлен на 1.
2025-02-22 20:10:26 - Событие 859119397 добавлено в очередь.
2025-02-22 20:10:26 - Начало обработки логики события 859112092.
2025-02-22 20:10:26 - Событие 859119739 добавлено в очередь.
2025-02-22 20:10:26 - Событие 859120211 добавлено в очередь.
2025-02-22 20:10:26 - Событие 859120332 добавлено в очередь.
2025-02-22 20:10:26 - Событие 859120527 добавлено в очередь.
2025-02-22 20:10:26 - Событие 859121140 добавлено в очередь.
2025-02-22 20:10:26 - Цикл завершен. Ждем 30.0 сек.
2025-02-22 20:10:26 - Запись в архив pult4db_archives.dbo.archive20250201 создана для события 859112517.
2025-02-22 20:10:26 - Запись в архив pult4db_archives.dbo.archive20250201 создана для события 859112795.
2025-02-22 20:10:26 - Запись в архиве pult4db_archives.dbo.eventservice20250201 создана для события 859112517.
2025-02-22 20:10:26 - Запись в архив pult4db_archives.dbo.archive20250201 создана для события 859112092.
2025-02-22 20:10:26 - Запись в архиве pult4db_archives.dbo.eventservice20250201 создана для события 859112763.
2025-02-22 20:10:26 - Запись в архиве pult4db_archives.dbo.eventservice20250201 создана для события 859112795.
2025-02-22 20:10:26 - Запись в архиве pult4db_archives.dbo.eventservice20250201 создана для события 859112092.
2025-02-22 20:10:26 - Запись в архив pult4db_archives.dbo.archive20250201 создана для события 859112277.
2025-02-22 20:10:26 - Запись в архиве pult4db_archives.dbo.eventservice20250201 создана для события 859112277.
2025-02-22 20:10:27 - Не удалось сгенерировать аудио для события 859112092
2025-02-22 20:10:27 - Не удалось сгенерировать аудио для события 859112277
2025-02-22 20:10:27 - Статус события 859112092 обновлен на 0.
2025-02-22 20:10:27 - Аудиофайл для события 859112795: http://10.10.8.201:8000/020026.mp3
2025-02-22 20:10:27 - Аудиофайл для события 859112763: http://10.10.8.201:8000/230288.mp3
2025-02-22 20:10:27 - Аудиофайл для события 859112517: http://10.10.8.201:8000/230563.mp3
2025-02-22 20:10:27 - Статус события 859112277 обновлен на 0.
2025-02-22 20:10:27 - Найдено 12 ответственных для Panel_id=020026.
2025-02-22 20:10:27 - Инициируем звонок на номер 257607 для события 859112795.
2025-02-22 20:10:28 - Найдено 7 ответственных для Panel_id=230288.
2025-02-22 20:10:28 - Инициируем звонок на номер 79526260686 для события 859112763.
2025-02-22 20:10:28 - Запись в отчёт: {'Дата и время обработки': '2025-02-22 20:10:28', 'ID объекта': '020026', 'ID события': 859112795, 'Код события': 'E302', 'Время события': '2024-12-01 01:46:44', 'Адрес': 'ул. Баумана, д.240/1 кв.20', 'Название компании': 'Гомзяков Сергей Геннадьевич', 'Ответственный': 'Гомзяков Сергей Геннадьевич - ОПОВЕЩАТЬ ВО ВТОРУЮ ОЧЕРЕДЬ', 'Номер телефона': '257607', 'Статус': 'Звонок инициирован', 'Дополнительная информация': 'ActionID: originate-1740226227999'}
2025-02-22 20:10:28 - Звонок инициирован на номер 257607 для события 859112795, ActionID=originate-1740226227999.
2025-02-22 20:10:28 - Найдено 3 ответственных для Panel_id=230563.
2025-02-22 20:10:28 - Инициируем звонок на номер 79025155348 для события 859112517.
2025-02-22 20:10:28 - Запись в отчёт: {'Дата и время обработки': '2025-02-22 20:10:28', 'ID объекта': '230288', 'ID события': 859112763, 'Код события': 'E302', 'Время события': '2024-12-01 01:46:42', 'Адрес': 'м-н Березовый, ул. Оксаны Костиной, д.49', 'Название компании': 'Пилипенко Алексей Александрович', 'Ответственный': 'Гармышев Юрий Петрович', 'Номер телефона': '79526260686', 'Статус': 'Звонок инициирован', 'Дополнительная информация': 'ActionID: originate-1740226228111'}
2025-02-22 20:10:28 - Звонок инициирован на номер 79526260686 для события 859112763, ActionID=originate-1740226228111.
2025-02-22 20:10:28 - Запись в отчёт: {'Дата и время обработки': '2025-02-22 20:10:28', 'ID объекта': '230563', 'ID события': 859112517, 'Код события': 'E302', 'Время события': '2024-12-01 01:46:29', 'Адрес': 'СНТ "Илга-2", ул. 5-ая, уч.777', 'Название компании': 'Бычкова Наталья Сергеевна', 'Ответственный': 'Беляева Ольга Павловна', 'Номер телефона': '79025155348', 'Статус': 'Звонок инициирован', 'Дополнительная информация': 'ActionID: originate-1740226228211'}
2025-02-22 20:10:28 - Звонок инициирован на номер 79025155348 для события 859112517, ActionID=originate-1740226228211.
